2026-03-11T08:58:14Z deploy/catalog-api INFO cache_ttl_updated ttl_seconds=30 previous_ttl_seconds=900
2026-03-11T09:03:02Z api/catalog INFO request_started route=/catalog/product/sku-1842 request_id=req-401
2026-03-11T09:03:02Z api/catalog WARN cache_miss key=product:sku-1842 request_id=req-401
2026-03-11T09:03:02Z api/catalog INFO db_query_started key=product:sku-1842 request_id=req-401
2026-03-11T09:03:02Z api/catalog INFO request_started route=/catalog/product/sku-1842 request_id=req-402
2026-03-11T09:03:02Z api/catalog WARN cache_miss key=product:sku-1842 request_id=req-402
2026-03-11T09:03:02Z api/catalog INFO db_query_started key=product:sku-1842 request_id=req-402
2026-03-11T09:03:03Z api/catalog INFO request_started route=/catalog/product/sku-1842 request_id=req-403
2026-03-11T09:03:03Z api/catalog WARN cache_miss key=product:sku-1842 request_id=req-403
2026-03-11T09:03:03Z api/catalog INFO db_query_started key=product:sku-1842 request_id=req-403
2026-03-11T09:05:11Z api/catalog WARN db_pool_wait_ms=184 active_connections=96 max_connections=100
2026-03-11T09:05:12Z api/catalog WARN cache_miss key=product:sku-1842 request_id=req-587
2026-03-11T09:05:12Z api/catalog INFO db_query_started key=product:sku-1842 request_id=req-587
2026-03-11T09:05:12Z api/catalog WARN cache_miss key=product:sku-1842 request_id=req-588
2026-03-11T09:05:12Z api/catalog INFO db_query_started key=product:sku-1842 request_id=req-588
2026-03-11T09:05:13Z api/catalog WARN cache_miss key=product:sku-1842 request_id=req-589
2026-03-11T09:05:13Z api/catalog INFO db_query_started key=product:sku-1842 request_id=req-589
2026-03-11T09:05:14Z api/catalog ERROR upstream_timeout route=/catalog/product/sku-1842 request_id=req-590 timeout_ms=2500
2026-03-11T09:05:15Z api/catalog WARN db_query_slow key=product:sku-1842 duration_ms=1720 request_id=req-588
2026-03-11T09:05:16Z api/catalog WARN db_query_slow key=product:sku-1842 duration_ms=1814 request_id=req-589
